<?xml version="1.0" encoding="utf-8"?>
<TestRun id="d82c0702-9a09-4b84-9e3c-bebf540e607a" name="RVeerabhadraiah@WSAMZN-TUHFRE5N 2025-04-05 10:29:41" runUser="MYEAB\RVeerabhadraiah" xmlns="http://microsoft.com/schemas/VisualStudio/TeamTest/2010">
  <Times creation="2025-04-05T10:29:41.8982586+02:00" queuing="2025-04-05T10:29:41.8982592+02:00" start="2025-04-05T10:29:29.8219171+02:00" finish="2025-04-05T10:29:46.6050256+02:00" />
  <TestSettings name="default" id="2fe96603-886d-470e-8d73-cc48308c75ed">
    <Deployment runDeploymentRoot="RVeerabhadraiah_WSAMZN-TUHFRE5N_2025-04-05_10_29_41" />
  </TestSettings>
  <Results>
    <UnitTestResult executionId="e52dbdfe-057f-4138-a795-c2a8999e1b12" testId="c63f29c9-9aa9-2f24-6561-95cf3e9721ea" testName="ConvertFileToBase64_ShouldReturnValidBase64String" computerName="WSAMZN-TUHFRE5N" duration="00:00:00.0244080" startTime="2025-04-05T10:29:41.1351931+02:00" endTime="2025-04-05T10:29:41.1596001+02:00" testType="13cdc9d9-ddb5-4fa4-a97d-d965ccfc6d4b" outcome="Passed" testListId="8c84fa94-04c1-424b-9868-57a2d4851a1d" relativeResultsDirectory="e52dbdfe-057f-4138-a795-c2a8999e1b12" />
    <UnitTestResult executionId="71535084-4546-4522-95ca-089e7dac5711" testId="7d82a6ac-dc59-d312-59e5-a07db907d5cc" testName="GenerateEvaluationFile_ShouldCreateFileWithCorrectContent" computerName="WSAMZN-TUHFRE5N" duration="00:00:00.0944360" startTime="2025-04-05T10:29:40.9722497+02:00" endTime="2025-04-05T10:29:41.0666145+02:00" testType="13cdc9d9-ddb5-4fa4-a97d-d965ccfc6d4b" outcome="Passed" testListId="8c84fa94-04c1-424b-9868-57a2d4851a1d" relativeResultsDirectory="71535084-4546-4522-95ca-089e7dac5711" />
    <UnitTestResult executionId="83668732-6b3b-4af8-b489-f3d0c1194f76" testId="a3e614f3-86cb-4536-8523-9bc07cd7f9bc" testName="Evaluate_ValidInvoiceData_ShouldReturnOkResponse" computerName="WSAMZN-TUHFRE5N" duration="00:00:04.3847750" startTime="2025-04-05T10:29:41.1642676+02:00" endTime="2025-04-05T10:29:45.5490386+02:00" testType="13cdc9d9-ddb5-4fa4-a97d-d965ccfc6d4b" outcome="Passed" testListId="8c84fa94-04c1-424b-9868-57a2d4851a1d" relativeResultsDirectory="83668732-6b3b-4af8-b489-f3d0c1194f76" />
  </Results>
  <TestDefinitions>
    <UnitTest name="GenerateEvaluationFile_ShouldCreateFileWithCorrectContent" storage="d:\users\rveerabhadraiah\downloads\invoiceevaluationapidemo solution\invoiceevaluationapidemo\invoiceevaluationapitests\bin\debug\net8.0\invoiceevaluationapitests.dll" id="7d82a6ac-dc59-d312-59e5-a07db907d5cc">
      <Execution id="71535084-4546-4522-95ca-089e7dac5711" />
      <TestMethod codeBase="D:\Users\RVeerabhadraiah\Downloads\InvoiceEvaluationAPIDemo solution\InvoiceEvaluationAPIDemo\InvoiceEvaluationAPITests\bin\Debug\net8.0\InvoiceEvaluationAPITests.dll" adapterTypeName="executor://nunit3testexecutor/" className="EvaluationHelperTests" name="GenerateEvaluationFile_ShouldCreateFileWithCorrectContent" />
    </UnitTest>
    <UnitTest name="ConvertFileToBase64_ShouldReturnValidBase64String" storage="d:\users\rveerabhadraiah\downloads\invoiceevaluationapidemo solution\invoiceevaluationapidemo\invoiceevaluationapitests\bin\debug\net8.0\invoiceevaluationapitests.dll" id="c63f29c9-9aa9-2f24-6561-95cf3e9721ea">
      <Execution id="e52dbdfe-057f-4138-a795-c2a8999e1b12" />
      <TestMethod codeBase="D:\Users\RVeerabhadraiah\Downloads\InvoiceEvaluationAPIDemo solution\InvoiceEvaluationAPIDemo\InvoiceEvaluationAPITests\bin\Debug\net8.0\InvoiceEvaluationAPITests.dll" adapterTypeName="executor://nunit3testexecutor/" className="FileHelperTests" name="ConvertFileToBase64_ShouldReturnValidBase64String" />
    </UnitTest>
    <UnitTest name="Evaluate_ValidInvoiceData_ShouldReturnOkResponse" storage="d:\users\rveerabhadraiah\downloads\invoiceevaluationapidemo solution\invoiceevaluationapidemo\invoiceevaluationapitests\bin\debug\net8.0\invoiceevaluationapitests.dll" id="a3e614f3-86cb-4536-8523-9bc07cd7f9bc">
      <Execution id="83668732-6b3b-4af8-b489-f3d0c1194f76" />
      <TestMethod codeBase="D:\Users\RVeerabhadraiah\Downloads\InvoiceEvaluationAPIDemo solution\InvoiceEvaluationAPIDemo\InvoiceEvaluationAPITests\bin\Debug\net8.0\InvoiceEvaluationAPITests.dll" adapterTypeName="executor://nunit3testexecutor/" className="InvoiceEvaluationAPI.Test.IntegrationTests.InvoiceEvaluationIntegrationTests" name="Evaluate_ValidInvoiceData_ShouldReturnOkResponse" />
    </UnitTest>
  </TestDefinitions>
  <TestEntries>
    <TestEntry testId="c63f29c9-9aa9-2f24-6561-95cf3e9721ea" executionId="e52dbdfe-057f-4138-a795-c2a8999e1b12" testListId="8c84fa94-04c1-424b-9868-57a2d4851a1d" />
    <TestEntry testId="7d82a6ac-dc59-d312-59e5-a07db907d5cc" executionId="71535084-4546-4522-95ca-089e7dac5711" testListId="8c84fa94-04c1-424b-9868-57a2d4851a1d" />
    <TestEntry testId="a3e614f3-86cb-4536-8523-9bc07cd7f9bc" executionId="83668732-6b3b-4af8-b489-f3d0c1194f76" testListId="8c84fa94-04c1-424b-9868-57a2d4851a1d" />
  </TestEntries>
  <TestLists>
    <TestList name="Results Not in a List" id="8c84fa94-04c1-424b-9868-57a2d4851a1d" />
    <TestList name="All Loaded Results" id="19431567-8539-422a-85d7-44ee4e166bda" />
  </TestLists>
  <ResultSummary outcome="Completed">
    <Counters total="3" executed="3" passed="3" failed="0" error="0" timeout="0" aborted="0" inconclusive="0" passedButRunAborted="0" notRunnable="0" notExecuted="0" disconnected="0" warning="0" completed="0" inProgress="0" pending="0" />
    <Output>
      <StdOut>NUnit Adapter 4.5.0.0: Test execution started&#xD;
Running all tests in D:\Users\RVeerabhadraiah\Downloads\InvoiceEvaluationAPIDemo solution\InvoiceEvaluationAPIDemo\InvoiceEvaluationAPITests\bin\Debug\net8.0\InvoiceEvaluationAPITests.dll&#xD;
   NUnit3TestExecutor discovered 3 of 3 NUnit test cases using Current Discovery mode, Non-Explicit run&#xD;
NUnit Adapter 4.5.0.0: Test execution complete&#xD;
</StdOut>
    </Output>
    <CollectorDataEntries>
      <Collector agentName="WSAMZN-TUHFRE5N" uri="datacollector://microsoft/CoverletCodeCoverage/1.0" collectorDisplayName="XPlat code coverage">
        <UriAttachments>
          <UriAttachment>
            <A href="WSAMZN-TUHFRE5N\coverage.cobertura.xml"></A>
          </UriAttachment>
        </UriAttachments>
      </Collector>
    </CollectorDataEntries>
  </ResultSummary>
</TestRun>